<?xml version="1.0" encoding="UTF-8"?>
<testsuite xmlns:xsi="http://www.w3.org/2001/XMLSchema-instance" xsi:noNamespaceSchemaLocation="https://maven.apache.org/surefire/maven-surefire-plugin/xsd/surefire-test-report.xsd" name="TestLogIn" time="28.277" tests="8" errors="0" skipped="0" failures="0">
  <properties>
[...]
</properties>
  <testcase name="checkLogInWithLogInLinkOnRestorePasswordPage[Прогонка тестов через Chrome]" classname="TestLogIn" time="3.467"/>
  <testcase name="checkLogInWithLogInLinkOnSignUpPage[Прогонка тестов через Chrome]" classname="TestLogIn" time="3.158"/>
  <testcase name="checkLogInWithLogInButtonOnMainPage[Прогонка тестов через Chrome]" classname="TestLogIn" time="3.028"/>
  <testcase name="checkLogInWithProfileButtonOnMainPage[Прогонка тестов через Chrome]" classname="TestLogIn" time="2.986"/>
  <testcase name="checkLogInWithLogInLinkOnRestorePasswordPage[Прогонка тестов через Yandex]" classname="TestLogIn" time="5.248"/>
  <testcase name="checkLogInWithLogInLinkOnSignUpPage[Прогонка тестов через Yandex]" classname="TestLogIn" time="3.735"/>
  <testcase name="checkLogInWithLogInButtonOnMainPage[Прогонка тестов через Yandex]" classname="TestLogIn" time="3.295"/>
  <testcase name="checkLogInWithProfileButtonOnMainPage[Прогонка тестов через Yandex]" classname="TestLogIn" time="3.355"/>
</testsuite>